[2025-02-13 14:53:41] [info]  [22996] Apache Commons Daemon procrun (1.4.1.0 64-bit) started.
[2025-02-13 14:53:41] [info]  [22996] Running Service 'Tomcat9'...
[2025-02-13 14:53:41] [info]  [10408] Starting service...
[2025-02-13 14:53:43] [info]  [10408] Service started in 1270 milliseconds.
[2025-02-13 15:09:49] [info]  [22996] Service SERVICE_CONTROL_STOP signalled.
[2025-02-13 15:09:49] [info]  [23944] Stopping service...
[2025-02-13 15:09:50] [info]  [23944] Service stop thread completed.
[2025-02-13 15:09:50] [info]  [22996] Run service finished.
[2025-02-13 15:09:50] [info]  [22996] Apache Commons Daemon procrun finished.
[2025-02-13 15:11:07] [info]  [24364] Apache Commons Daemon procrun (1.4.1.0 64-bit) started.
[2025-02-13 15:11:07] [info]  [24364] Running Service 'Tomcat9'...
[2025-02-13 15:11:07] [info]  [24420] Starting service...
[2025-02-13 15:11:08] [info]  [24420] Service started in 1231 milliseconds.
[2025-02-13 15:15:03] [info]  [24364] Service SERVICE_CONTROL_STOP signalled.
[2025-02-13 15:15:03] [info]  [23068] Stopping service...
[2025-02-13 15:15:04] [info]  [23068] Service stop thread completed.
[2025-02-13 15:15:04] [info]  [24364] Run service finished.
[2025-02-13 15:15:04] [info]  [24364] Apache Commons Daemon procrun finished.
[2025-02-13 15:18:41] [info]  [18868] Apache Commons Daemon procrun (1.4.1.0 64-bit) started.
[2025-02-13 15:18:41] [info]  [18868] Running Service 'Tomcat9'...
[2025-02-13 15:18:41] [info]  [16388] Starting service...
[2025-02-13 15:18:42] [info]  [16388] Service started in 1236 milliseconds.
[2025-02-14 09:27:27] [info]  [18868] Service SERVICE_CONTROL_STOP signalled.
[2025-02-14 09:27:27] [info]  [23448] Stopping service...
[2025-02-14 09:27:28] [info]  [23448] Service stop thread completed.
[2025-02-14 09:27:29] [info]  [18868] Run service finished.
[2025-02-14 09:27:29] [info]  [18868] Apache Commons Daemon procrun finished.
