14-Feb-2025 09:31:25.385 INFO [main] org.apache.catalina.startup.VersionLoggerListener.log 서버 버전 이름:    Apache Tomcat/9.0.99
14-Feb-2025 09:31:25.389 INFO [main] org.apache.catalina.startup.VersionLoggerListener.log Server 빌드 시각:  Feb 4 2025 20:08:08 UTC
14-Feb-2025 09:31:25.389 INFO [main] org.apache.catalina.startup.VersionLoggerListener.log Server 버전 번호:  9.0.99.0
14-Feb-2025 09:31:25.389 INFO [main] org.apache.catalina.startup.VersionLoggerListener.log 운영체제 이름:     Windows 10
14-Feb-2025 09:31:25.389 INFO [main] org.apache.catalina.startup.VersionLoggerListener.log 운영체제 버전:     10.0
14-Feb-2025 09:31:25.389 INFO [main] org.apache.catalina.startup.VersionLoggerListener.log 아키텍처:          amd64
14-Feb-2025 09:31:25.390 INFO [main] org.apache.catalina.startup.VersionLoggerListener.log 자바 홈:           C:\mydisk\build\JDK11
14-Feb-2025 09:31:25.390 INFO [main] org.apache.catalina.startup.VersionLoggerListener.log JVM 버전:          11.0.20+9-LTS-256
14-Feb-2025 09:31:25.390 INFO [main] org.apache.catalina.startup.VersionLoggerListener.log JVM 벤더:          Oracle Corporation
14-Feb-2025 09:31:25.390 INFO [main] org.apache.catalina.startup.VersionLoggerListener.log CATALINA_BASE:     C:\mydisk\build\tomcat9
14-Feb-2025 09:31:25.390 INFO [main] org.apache.catalina.startup.VersionLoggerListener.log CATALINA_HOME:     C:\mydisk\build\tomcat9
14-Feb-2025 09:31:25.410 INFO [main] org.apache.catalina.startup.VersionLoggerListener.log 명령 행 아규먼트:  -Dcatalina.home=C:\mydisk\build\tomcat9
14-Feb-2025 09:31:25.410 INFO [main] org.apache.catalina.startup.VersionLoggerListener.log 명령 행 아규먼트:  -Dcatalina.base=C:\mydisk\build\tomcat9
14-Feb-2025 09:31:25.410 INFO [main] org.apache.catalina.startup.VersionLoggerListener.log 명령 행 아규먼트:  -Djava.io.tmpdir=C:\mydisk\build\tomcat9\temp
14-Feb-2025 09:31:25.410 INFO [main] org.apache.catalina.startup.VersionLoggerListener.log 명령 행 아규먼트:  -Djava.util.logging.manager=org.apache.juli.ClassLoaderLogManager
14-Feb-2025 09:31:25.410 INFO [main] org.apache.catalina.startup.VersionLoggerListener.log 명령 행 아규먼트:  -Djava.util.logging.config.file=C:\mydisk\build\tomcat9\conf\logging.properties
14-Feb-2025 09:31:25.410 INFO [main] org.apache.catalina.startup.VersionLoggerListener.log 명령 행 아규먼트:  --add-opens=java.base/java.lang=ALL-UNNAMED
14-Feb-2025 09:31:25.411 INFO [main] org.apache.catalina.startup.VersionLoggerListener.log 명령 행 아규먼트:  --add-opens=java.base/java.io=ALL-UNNAMED
14-Feb-2025 09:31:25.411 INFO [main] org.apache.catalina.startup.VersionLoggerListener.log 명령 행 아규먼트:  --add-opens=java.rmi/sun.rmi.transport=ALL-UNNAMED
14-Feb-2025 09:31:25.411 INFO [main] org.apache.catalina.startup.VersionLoggerListener.log 명령 행 아규먼트:  exit
14-Feb-2025 09:31:25.411 INFO [main] org.apache.catalina.startup.VersionLoggerListener.log 명령 행 아규먼트:  abort
14-Feb-2025 09:31:25.411 INFO [main] org.apache.catalina.startup.VersionLoggerListener.log 명령 행 아규먼트:  -Xms128m
14-Feb-2025 09:31:25.411 INFO [main] org.apache.catalina.startup.VersionLoggerListener.log 명령 행 아규먼트:  -Xmx256m
14-Feb-2025 09:31:25.427 INFO [main] org.apache.catalina.core.AprLifecycleListener.lifecycleEvent 프로덕션 환경들에서 최적의 성능을 제공하는, APR 기반 Apache Tomcat Native 라이브러리가, 다음 java.library.path에서 발견되지 않습니다: [C:\mydisk\build\tomcat9\bin;C:\Windows\Sun\Java\bin;C:\Windows\system32;C:\Windows;C:\mydisk\build\JDK11\bin;C:\mydisk\build\JDK11\bin;C:\Program Files\Common Files\Oracle\Java\javapath;C:\Windows\system32;C:\Windows;C:\Windows\System32\Wbem;C:\Windows\System32\WindowsPowerShell\v1.0\;C:\Windows\System32\OpenSSH\;C:\Program Files\Git\cmd;C:\mydisk\build\Microsoft VS Code;C:\Windows\ServiceProfiles\LocalService\AppData\Local\Microsoft\WindowsApps;.]
14-Feb-2025 09:31:25.748 INFO [main] org.apache.coyote.AbstractProtocol.init 프로토콜 핸들러 ["http-nio-888"]을(를) 초기화합니다.
14-Feb-2025 09:31:25.785 INFO [main] org.apache.catalina.startup.Catalina.load [656] 밀리초 내에 서버가 초기화되었습니다.
14-Feb-2025 09:31:25.867 INFO [main] org.apache.catalina.core.StandardService.startInternal 서비스 [Catalina]을(를) 시작합니다.
14-Feb-2025 09:31:25.868 INFO [main] org.apache.catalina.core.StandardEngine.startInternal 서버 엔진을 시작합니다: [Apache Tomcat/9.0.99]
14-Feb-2025 09:31:25.903 INFO [main] org.apache.catalina.startup.HostConfig.deployWAR 웹 애플리케이션 아카이브 [C:\mydisk\build\tomcat9\webapps\application.war]을(를) 배치합니다.
14-Feb-2025 09:31:37.221 WARNING [main] org.apache.catalina.webresources.DirResourceSet.initInternal Disabled the global canonical file name cache to protect against CVE-2024-56337 when starting the WebResourceSet at [C:\mydisk\build\tomcat9\webapps\application] which is part of the web application [/application]
14-Feb-2025 09:31:40.284 INFO [main] org.apache.jasper.servlet.TldScanner.scanJars 적어도 하나의 JAR가 TLD들을 찾기 위해 스캔되었으나 아무 것도 찾지 못했습니다. 스캔했으나 TLD가 없는 JAR들의 전체 목록을 보시려면, 로그 레벨을 디버그 레벨로 설정하십시오. 스캔 과정에서 불필요한 JAR들을 건너뛰면, 시스템 시작 시간과 JSP 컴파일 시간을 단축시킬 수 있습니다.
14-Feb-2025 09:31:44.839 WARNING [main] org.apache.catalina.util.SessionIdGeneratorBase.createSecureRandom [SHA1PRNG] 알고리즘을 사용하여, 세션 ID를 생성하기 위한 SecureRandom 객체를 생성하는데, [116] 밀리초가 소요됐습니다.
14-Feb-2025 09:31:47.213 INFO [main] org.apache.catalina.startup.HostConfig.deployWAR 웹 애플리케이션 아카이브 [C:\mydisk\build\tomcat9\webapps\application.war]의 배치가 [21,310] 밀리초에 완료되었습니다.
14-Feb-2025 09:31:47.214 INFO [main] org.apache.catalina.startup.HostConfig.deployDirectory 웹 애플리케이션 디렉토리 [C:\mydisk\build\tomcat9\webapps\docs]을(를) 배치합니다.
14-Feb-2025 09:31:47.287 INFO [main] org.apache.catalina.startup.HostConfig.deployDirectory 웹 애플리케이션 디렉토리 [C:\mydisk\build\tomcat9\webapps\docs]에 대한 배치가 [73] 밀리초에 완료되었습니다.
14-Feb-2025 09:31:47.287 INFO [main] org.apache.catalina.startup.HostConfig.deployDirectory 웹 애플리케이션 디렉토리 [C:\mydisk\build\tomcat9\webapps\manager]을(를) 배치합니다.
14-Feb-2025 09:31:47.377 INFO [main] org.apache.catalina.startup.HostConfig.deployDirectory 웹 애플리케이션 디렉토리 [C:\mydisk\build\tomcat9\webapps\manager]에 대한 배치가 [90] 밀리초에 완료되었습니다.
14-Feb-2025 09:31:47.378 INFO [main] org.apache.catalina.startup.HostConfig.deployDirectory 웹 애플리케이션 디렉토리 [C:\mydisk\build\tomcat9\webapps\ROOT]을(를) 배치합니다.
14-Feb-2025 09:31:47.429 INFO [main] org.apache.catalina.startup.HostConfig.deployDirectory 웹 애플리케이션 디렉토리 [C:\mydisk\build\tomcat9\webapps\ROOT]에 대한 배치가 [51] 밀리초에 완료되었습니다.
14-Feb-2025 09:31:47.435 INFO [main] org.apache.coyote.AbstractProtocol.start 프로토콜 핸들러 ["http-nio-888"]을(를) 시작합니다.
14-Feb-2025 09:31:47.456 INFO [main] org.apache.catalina.startup.Catalina.start 서버가 [21674] 밀리초 내에 시작되었습니다.
14-Feb-2025 14:16:43.412 INFO [Thread-2] org.apache.coyote.AbstractProtocol.pause 프로토콜 핸들러 ["http-nio-888"]을(를) 일시 정지 중
14-Feb-2025 14:16:43.639 INFO [Thread-2] org.apache.catalina.core.StandardService.stopInternal 서비스 [Catalina]을(를) 중지시킵니다.
14-Feb-2025 14:16:44.166 WARNING [Thread-2] org.apache.catalina.loader.WebappClassLoaderBase.clearReferencesJdbc 웹 애플리케이션 [application]이(가) JDBC 드라이버 [oracle.jdbc.OracleDriver]을(를) 등록했지만, 웹 애플리케이션이 중지될 때, 해당 JDBC 드라이버의 등록을 제거하지 못했습니다. 메모리 누수를 방지하기 위하여, 등록을 강제로 제거했습니다.
14-Feb-2025 14:16:44.166 WARNING [Thread-2] org.apache.catalina.loader.WebappClassLoaderBase.clearReferencesJdbc 웹 애플리케이션 [application]이(가) JDBC 드라이버 [net.sf.log4jdbc.DriverSpy]을(를) 등록했지만, 웹 애플리케이션이 중지될 때, 해당 JDBC 드라이버의 등록을 제거하지 못했습니다. 메모리 누수를 방지하기 위하여, 등록을 강제로 제거했습니다.
14-Feb-2025 14:16:44.170 SEVERE [Thread-2] org.apache.catalina.loader.WebappClassLoaderBase.checkThreadLocalMapForLeaks 웹 애플리케이션 [application]이(가), 타입 [java.lang.ThreadLocal]인 키와 (값: [java.lang.ThreadLocal@284e5619]) 타입 [java.lang.Class]인 값을 (값: [class oracle.sql.TypeDescriptorFactory]) 사용하여 ThreadLocal 객체를 생성했지만, 웹 애플리케이션이 중지될 때 그것을 제거하지 못했습니다. 혹시 있을 법한 메모리 누수를 방지하기 위하여, 시간을 두고 쓰레드들을 재생성할 것입니다.
14-Feb-2025 14:16:44.170 SEVERE [Thread-2] org.apache.catalina.loader.WebappClassLoaderBase.checkThreadLocalMapForLeaks 웹 애플리케이션 [application]이(가), 타입 [java.lang.ThreadLocal]인 키와 (값: [java.lang.ThreadLocal@2ef0f4f9]) 타입 [java.lang.Class]인 값을 (값: [class oracle.sql.AnyDataFactory]) 사용하여 ThreadLocal 객체를 생성했지만, 웹 애플리케이션이 중지될 때 그것을 제거하지 못했습니다. 혹시 있을 법한 메모리 누수를 방지하기 위하여, 시간을 두고 쓰레드들을 재생성할 것입니다.
14-Feb-2025 14:16:44.188 INFO [Thread-2] org.apache.coyote.AbstractProtocol.stop 프로토콜 핸들러 ["http-nio-888"]을(를) 중지시킵니다.
14-Feb-2025 14:16:44.202 INFO [Thread-2] org.apache.coyote.AbstractProtocol.destroy 프로토콜 핸들러 ["http-nio-888"]을(를) 소멸시킵니다.
14-Feb-2025 14:17:52.720 INFO [main] org.apache.catalina.startup.VersionLoggerListener.log 서버 버전 이름:    Apache Tomcat/9.0.99
14-Feb-2025 14:17:52.723 INFO [main] org.apache.catalina.startup.VersionLoggerListener.log Server 빌드 시각:  Feb 4 2025 20:08:08 UTC
14-Feb-2025 14:17:52.723 INFO [main] org.apache.catalina.startup.VersionLoggerListener.log Server 버전 번호:  9.0.99.0
14-Feb-2025 14:17:52.723 INFO [main] org.apache.catalina.startup.VersionLoggerListener.log 운영체제 이름:     Windows 10
14-Feb-2025 14:17:52.723 INFO [main] org.apache.catalina.startup.VersionLoggerListener.log 운영체제 버전:     10.0
14-Feb-2025 14:17:52.724 INFO [main] org.apache.catalina.startup.VersionLoggerListener.log 아키텍처:          amd64
14-Feb-2025 14:17:52.724 INFO [main] org.apache.catalina.startup.VersionLoggerListener.log 자바 홈:           C:\mydisk\build\JDK11
14-Feb-2025 14:17:52.724 INFO [main] org.apache.catalina.startup.VersionLoggerListener.log JVM 버전:          11.0.20+9-LTS-256
14-Feb-2025 14:17:52.724 INFO [main] org.apache.catalina.startup.VersionLoggerListener.log JVM 벤더:          Oracle Corporation
14-Feb-2025 14:17:52.724 INFO [main] org.apache.catalina.startup.VersionLoggerListener.log CATALINA_BASE:     C:\mydisk\build\tomcat9
14-Feb-2025 14:17:52.724 INFO [main] org.apache.catalina.startup.VersionLoggerListener.log CATALINA_HOME:     C:\mydisk\build\tomcat9
14-Feb-2025 14:17:52.735 INFO [main] org.apache.catalina.startup.VersionLoggerListener.log 명령 행 아규먼트:  -Dcatalina.home=C:\mydisk\build\tomcat9
14-Feb-2025 14:17:52.735 INFO [main] org.apache.catalina.startup.VersionLoggerListener.log 명령 행 아규먼트:  -Dcatalina.base=C:\mydisk\build\tomcat9
14-Feb-2025 14:17:52.735 INFO [main] org.apache.catalina.startup.VersionLoggerListener.log 명령 행 아규먼트:  -Djava.io.tmpdir=C:\mydisk\build\tomcat9\temp
14-Feb-2025 14:17:52.736 INFO [main] org.apache.catalina.startup.VersionLoggerListener.log 명령 행 아규먼트:  -Djava.util.logging.manager=org.apache.juli.ClassLoaderLogManager
14-Feb-2025 14:17:52.736 INFO [main] org.apache.catalina.startup.VersionLoggerListener.log 명령 행 아규먼트:  -Djava.util.logging.config.file=C:\mydisk\build\tomcat9\conf\logging.properties
14-Feb-2025 14:17:52.736 INFO [main] org.apache.catalina.startup.VersionLoggerListener.log 명령 행 아규먼트:  --add-opens=java.base/java.lang=ALL-UNNAMED
14-Feb-2025 14:17:52.736 INFO [main] org.apache.catalina.startup.VersionLoggerListener.log 명령 행 아규먼트:  --add-opens=java.base/java.io=ALL-UNNAMED
14-Feb-2025 14:17:52.736 INFO [main] org.apache.catalina.startup.VersionLoggerListener.log 명령 행 아규먼트:  --add-opens=java.rmi/sun.rmi.transport=ALL-UNNAMED
14-Feb-2025 14:17:52.736 INFO [main] org.apache.catalina.startup.VersionLoggerListener.log 명령 행 아규먼트:  exit
14-Feb-2025 14:17:52.737 INFO [main] org.apache.catalina.startup.VersionLoggerListener.log 명령 행 아규먼트:  abort
14-Feb-2025 14:17:52.737 INFO [main] org.apache.catalina.startup.VersionLoggerListener.log 명령 행 아규먼트:  -Xms128m
14-Feb-2025 14:17:52.737 INFO [main] org.apache.catalina.startup.VersionLoggerListener.log 명령 행 아규먼트:  -Xmx256m
14-Feb-2025 14:17:52.751 INFO [main] org.apache.catalina.core.AprLifecycleListener.lifecycleEvent 프로덕션 환경들에서 최적의 성능을 제공하는, APR 기반 Apache Tomcat Native 라이브러리가, 다음 java.library.path에서 발견되지 않습니다: [C:\mydisk\build\tomcat9\bin;C:\Windows\Sun\Java\bin;C:\Windows\system32;C:\Windows;C:\mydisk\build\JDK11\bin;C:\mydisk\build\oraclexe\app\oracle\product\11.2.0\server\bin;;C:\mydisk\build\JDK11\bin;C:\Program Files\Common Files\Oracle\Java\javapath;C:\Windows\system32;C:\Windows;C:\Windows\System32\Wbem;C:\Windows\System32\WindowsPowerShell\v1.0\;C:\Windows\System32\OpenSSH\;C:\Program Files\Git\cmd;C:\mydisk\build\Microsoft VS Code;C:\Windows\ServiceProfiles\LocalService\AppData\Local\Microsoft\WindowsApps;.]
14-Feb-2025 14:17:53.022 INFO [main] org.apache.coyote.AbstractProtocol.init 프로토콜 핸들러 ["http-nio-888"]을(를) 초기화합니다.
14-Feb-2025 14:17:53.048 INFO [main] org.apache.catalina.startup.Catalina.load [533] 밀리초 내에 서버가 초기화되었습니다.
14-Feb-2025 14:17:53.124 INFO [main] org.apache.catalina.core.StandardService.startInternal 서비스 [Catalina]을(를) 시작합니다.
14-Feb-2025 14:17:53.124 INFO [main] org.apache.catalina.core.StandardEngine.startInternal 서버 엔진을 시작합니다: [Apache Tomcat/9.0.99]
14-Feb-2025 14:17:53.134 INFO [main] org.apache.catalina.startup.HostConfig.deployDirectory 웹 애플리케이션 디렉토리 [C:\mydisk\build\tomcat9\webapps\docs]을(를) 배치합니다.
14-Feb-2025 14:17:53.190 WARNING [main] org.apache.catalina.webresources.DirResourceSet.initInternal Disabled the global canonical file name cache to protect against CVE-2024-56337 when starting the WebResourceSet at [C:\mydisk\build\tomcat9\webapps\docs] which is part of the web application [/docs]
14-Feb-2025 14:17:53.569 WARNING [main] org.apache.catalina.util.SessionIdGeneratorBase.createSecureRandom [SHA1PRNG] 알고리즘을 사용하여, 세션 ID를 생성하기 위한 SecureRandom 객체를 생성하는데, [105] 밀리초가 소요됐습니다.
14-Feb-2025 14:17:53.591 INFO [main] org.apache.catalina.startup.HostConfig.deployDirectory 웹 애플리케이션 디렉토리 [C:\mydisk\build\tomcat9\webapps\docs]에 대한 배치가 [457] 밀리초에 완료되었습니다.
14-Feb-2025 14:17:53.592 INFO [main] org.apache.catalina.startup.HostConfig.deployDirectory 웹 애플리케이션 디렉토리 [C:\mydisk\build\tomcat9\webapps\manager]을(를) 배치합니다.
14-Feb-2025 14:17:53.659 INFO [main] org.apache.catalina.startup.HostConfig.deployDirectory 웹 애플리케이션 디렉토리 [C:\mydisk\build\tomcat9\webapps\manager]에 대한 배치가 [67] 밀리초에 완료되었습니다.
14-Feb-2025 14:17:53.660 INFO [main] org.apache.catalina.startup.HostConfig.deployDirectory 웹 애플리케이션 디렉토리 [C:\mydisk\build\tomcat9\webapps\ROOT]을(를) 배치합니다.
14-Feb-2025 14:17:53.700 INFO [main] org.apache.catalina.startup.HostConfig.deployDirectory 웹 애플리케이션 디렉토리 [C:\mydisk\build\tomcat9\webapps\ROOT]에 대한 배치가 [40] 밀리초에 완료되었습니다.
14-Feb-2025 14:17:53.706 INFO [main] org.apache.coyote.AbstractProtocol.start 프로토콜 핸들러 ["http-nio-888"]을(를) 시작합니다.
14-Feb-2025 14:17:53.814 INFO [main] org.apache.catalina.startup.Catalina.start 서버가 [766] 밀리초 내에 시작되었습니다.
14-Feb-2025 14:20:26.707 INFO [Thread-2] org.apache.coyote.AbstractProtocol.pause 프로토콜 핸들러 ["http-nio-888"]을(를) 일시 정지 중
14-Feb-2025 14:20:26.895 INFO [Thread-2] org.apache.catalina.core.StandardService.stopInternal 서비스 [Catalina]을(를) 중지시킵니다.
14-Feb-2025 14:20:26.928 INFO [Thread-2] org.apache.coyote.AbstractProtocol.stop 프로토콜 핸들러 ["http-nio-888"]을(를) 중지시킵니다.
14-Feb-2025 14:20:26.935 INFO [Thread-2] org.apache.coyote.AbstractProtocol.destroy 프로토콜 핸들러 ["http-nio-888"]을(를) 소멸시킵니다.
14-Feb-2025 14:24:11.016 INFO [main] org.apache.catalina.startup.VersionLoggerListener.log 서버 버전 이름:    Apache Tomcat/9.0.99
14-Feb-2025 14:24:11.019 INFO [main] org.apache.catalina.startup.VersionLoggerListener.log Server 빌드 시각:  Feb 4 2025 20:08:08 UTC
14-Feb-2025 14:24:11.019 INFO [main] org.apache.catalina.startup.VersionLoggerListener.log Server 버전 번호:  9.0.99.0
14-Feb-2025 14:24:11.020 INFO [main] org.apache.catalina.startup.VersionLoggerListener.log 운영체제 이름:     Windows 10
14-Feb-2025 14:24:11.020 INFO [main] org.apache.catalina.startup.VersionLoggerListener.log 운영체제 버전:     10.0
14-Feb-2025 14:24:11.020 INFO [main] org.apache.catalina.startup.VersionLoggerListener.log 아키텍처:          amd64
14-Feb-2025 14:24:11.020 INFO [main] org.apache.catalina.startup.VersionLoggerListener.log 자바 홈:           C:\mydisk\build\JDK11
14-Feb-2025 14:24:11.020 INFO [main] org.apache.catalina.startup.VersionLoggerListener.log JVM 버전:          11.0.20+9-LTS-256
14-Feb-2025 14:24:11.020 INFO [main] org.apache.catalina.startup.VersionLoggerListener.log JVM 벤더:          Oracle Corporation
14-Feb-2025 14:24:11.021 INFO [main] org.apache.catalina.startup.VersionLoggerListener.log CATALINA_BASE:     C:\mydisk\build\tomcat9
14-Feb-2025 14:24:11.021 INFO [main] org.apache.catalina.startup.VersionLoggerListener.log CATALINA_HOME:     C:\mydisk\build\tomcat9
14-Feb-2025 14:24:11.031 INFO [main] org.apache.catalina.startup.VersionLoggerListener.log 명령 행 아규먼트:  -Dcatalina.home=C:\mydisk\build\tomcat9
14-Feb-2025 14:24:11.031 INFO [main] org.apache.catalina.startup.VersionLoggerListener.log 명령 행 아규먼트:  -Dcatalina.base=C:\mydisk\build\tomcat9
14-Feb-2025 14:24:11.032 INFO [main] org.apache.catalina.startup.VersionLoggerListener.log 명령 행 아규먼트:  -Djava.io.tmpdir=C:\mydisk\build\tomcat9\temp
14-Feb-2025 14:24:11.032 INFO [main] org.apache.catalina.startup.VersionLoggerListener.log 명령 행 아규먼트:  -Djava.util.logging.manager=org.apache.juli.ClassLoaderLogManager
14-Feb-2025 14:24:11.032 INFO [main] org.apache.catalina.startup.VersionLoggerListener.log 명령 행 아규먼트:  -Djava.util.logging.config.file=C:\mydisk\build\tomcat9\conf\logging.properties
14-Feb-2025 14:24:11.032 INFO [main] org.apache.catalina.startup.VersionLoggerListener.log 명령 행 아규먼트:  --add-opens=java.base/java.lang=ALL-UNNAMED
14-Feb-2025 14:24:11.032 INFO [main] org.apache.catalina.startup.VersionLoggerListener.log 명령 행 아규먼트:  --add-opens=java.base/java.io=ALL-UNNAMED
14-Feb-2025 14:24:11.033 INFO [main] org.apache.catalina.startup.VersionLoggerListener.log 명령 행 아규먼트:  --add-opens=java.rmi/sun.rmi.transport=ALL-UNNAMED
14-Feb-2025 14:24:11.033 INFO [main] org.apache.catalina.startup.VersionLoggerListener.log 명령 행 아규먼트:  exit
14-Feb-2025 14:24:11.033 INFO [main] org.apache.catalina.startup.VersionLoggerListener.log 명령 행 아규먼트:  abort
14-Feb-2025 14:24:11.033 INFO [main] org.apache.catalina.startup.VersionLoggerListener.log 명령 행 아규먼트:  -Xms128m
14-Feb-2025 14:24:11.033 INFO [main] org.apache.catalina.startup.VersionLoggerListener.log 명령 행 아규먼트:  -Xmx256m
14-Feb-2025 14:24:11.048 INFO [main] org.apache.catalina.core.AprLifecycleListener.lifecycleEvent 프로덕션 환경들에서 최적의 성능을 제공하는, APR 기반 Apache Tomcat Native 라이브러리가, 다음 java.library.path에서 발견되지 않습니다: [C:\mydisk\build\tomcat9\bin;C:\Windows\Sun\Java\bin;C:\Windows\system32;C:\Windows;C:\mydisk\build\JDK11\bin;C:\mydisk\build\oraclexe\app\oracle\product\11.2.0\server\bin;;C:\mydisk\build\JDK11\bin;C:\Program Files\Common Files\Oracle\Java\javapath;C:\Windows\system32;C:\Windows;C:\Windows\System32\Wbem;C:\Windows\System32\WindowsPowerShell\v1.0\;C:\Windows\System32\OpenSSH\;C:\Program Files\Git\cmd;C:\mydisk\build\Microsoft VS Code;C:\Windows\ServiceProfiles\LocalService\AppData\Local\Microsoft\WindowsApps;.]
14-Feb-2025 14:24:11.349 INFO [main] org.apache.coyote.AbstractProtocol.init 프로토콜 핸들러 ["http-nio-888"]을(를) 초기화합니다.
14-Feb-2025 14:24:11.377 INFO [main] org.apache.catalina.startup.Catalina.load [580] 밀리초 내에 서버가 초기화되었습니다.
14-Feb-2025 14:24:11.452 INFO [main] org.apache.catalina.core.StandardService.startInternal 서비스 [Catalina]을(를) 시작합니다.
14-Feb-2025 14:24:11.452 INFO [main] org.apache.catalina.core.StandardEngine.startInternal 서버 엔진을 시작합니다: [Apache Tomcat/9.0.99]
14-Feb-2025 14:24:11.478 INFO [main] org.apache.catalina.startup.HostConfig.deployWAR 웹 애플리케이션 아카이브 [C:\mydisk\build\tomcat9\webapps\application.war]을(를) 배치합니다.
14-Feb-2025 14:24:22.975 WARNING [main] org.apache.catalina.webresources.DirResourceSet.initInternal Disabled the global canonical file name cache to protect against CVE-2024-56337 when starting the WebResourceSet at [C:\mydisk\build\tomcat9\webapps\application] which is part of the web application [/application]
14-Feb-2025 14:24:26.202 INFO [main] org.apache.jasper.servlet.TldScanner.scanJars 적어도 하나의 JAR가 TLD들을 찾기 위해 스캔되었으나 아무 것도 찾지 못했습니다. 스캔했으나 TLD가 없는 JAR들의 전체 목록을 보시려면, 로그 레벨을 디버그 레벨로 설정하십시오. 스캔 과정에서 불필요한 JAR들을 건너뛰면, 시스템 시작 시간과 JSP 컴파일 시간을 단축시킬 수 있습니다.
14-Feb-2025 14:24:29.572 WARNING [main] org.apache.catalina.util.SessionIdGeneratorBase.createSecureRandom [SHA1PRNG] 알고리즘을 사용하여, 세션 ID를 생성하기 위한 SecureRandom 객체를 생성하는데, [110] 밀리초가 소요됐습니다.
14-Feb-2025 14:24:31.911 INFO [main] org.apache.catalina.startup.HostConfig.deployWAR 웹 애플리케이션 아카이브 [C:\mydisk\build\tomcat9\webapps\application.war]의 배치가 [20,433] 밀리초에 완료되었습니다.
14-Feb-2025 14:24:31.911 INFO [main] org.apache.catalina.startup.HostConfig.deployDirectory 웹 애플리케이션 디렉토리 [C:\mydisk\build\tomcat9\webapps\docs]을(를) 배치합니다.
14-Feb-2025 14:24:31.962 INFO [main] org.apache.catalina.startup.HostConfig.deployDirectory 웹 애플리케이션 디렉토리 [C:\mydisk\build\tomcat9\webapps\docs]에 대한 배치가 [51] 밀리초에 완료되었습니다.
14-Feb-2025 14:24:31.962 INFO [main] org.apache.catalina.startup.HostConfig.deployDirectory 웹 애플리케이션 디렉토리 [C:\mydisk\build\tomcat9\webapps\manager]을(를) 배치합니다.
14-Feb-2025 14:24:32.050 INFO [main] org.apache.catalina.startup.HostConfig.deployDirectory 웹 애플리케이션 디렉토리 [C:\mydisk\build\tomcat9\webapps\manager]에 대한 배치가 [88] 밀리초에 완료되었습니다.
14-Feb-2025 14:24:32.050 INFO [main] org.apache.catalina.startup.HostConfig.deployDirectory 웹 애플리케이션 디렉토리 [C:\mydisk\build\tomcat9\webapps\ROOT]을(를) 배치합니다.
14-Feb-2025 14:24:32.088 INFO [main] org.apache.catalina.startup.HostConfig.deployDirectory 웹 애플리케이션 디렉토리 [C:\mydisk\build\tomcat9\webapps\ROOT]에 대한 배치가 [38] 밀리초에 완료되었습니다.
14-Feb-2025 14:24:32.094 INFO [main] org.apache.coyote.AbstractProtocol.start 프로토콜 핸들러 ["http-nio-888"]을(를) 시작합니다.
14-Feb-2025 14:24:32.112 INFO [main] org.apache.catalina.startup.Catalina.start 서버가 [20733] 밀리초 내에 시작되었습니다.
14-Feb-2025 15:16:44.255 INFO [Thread-2] org.apache.coyote.AbstractProtocol.pause 프로토콜 핸들러 ["http-nio-888"]을(를) 일시 정지 중
14-Feb-2025 15:16:44.397 INFO [Thread-2] org.apache.catalina.core.StandardService.stopInternal 서비스 [Catalina]을(를) 중지시킵니다.
14-Feb-2025 15:16:44.427 WARNING [Thread-2] org.apache.catalina.loader.WebappClassLoaderBase.clearReferencesJdbc 웹 애플리케이션 [application]이(가) JDBC 드라이버 [oracle.jdbc.OracleDriver]을(를) 등록했지만, 웹 애플리케이션이 중지될 때, 해당 JDBC 드라이버의 등록을 제거하지 못했습니다. 메모리 누수를 방지하기 위하여, 등록을 강제로 제거했습니다.
14-Feb-2025 15:16:44.428 WARNING [Thread-2] org.apache.catalina.loader.WebappClassLoaderBase.clearReferencesJdbc 웹 애플리케이션 [application]이(가) JDBC 드라이버 [net.sf.log4jdbc.DriverSpy]을(를) 등록했지만, 웹 애플리케이션이 중지될 때, 해당 JDBC 드라이버의 등록을 제거하지 못했습니다. 메모리 누수를 방지하기 위하여, 등록을 강제로 제거했습니다.
14-Feb-2025 15:16:44.429 SEVERE [Thread-2] org.apache.catalina.loader.WebappClassLoaderBase.checkThreadLocalMapForLeaks 웹 애플리케이션 [application]이(가), 타입 [java.lang.ThreadLocal]인 키와 (값: [java.lang.ThreadLocal@3741df55]) 타입 [java.lang.Class]인 값을 (값: [class oracle.sql.TypeDescriptorFactory]) 사용하여 ThreadLocal 객체를 생성했지만, 웹 애플리케이션이 중지될 때 그것을 제거하지 못했습니다. 혹시 있을 법한 메모리 누수를 방지하기 위하여, 시간을 두고 쓰레드들을 재생성할 것입니다.
14-Feb-2025 15:16:44.429 SEVERE [Thread-2] org.apache.catalina.loader.WebappClassLoaderBase.checkThreadLocalMapForLeaks 웹 애플리케이션 [application]이(가), 타입 [java.lang.ThreadLocal]인 키와 (값: [java.lang.ThreadLocal@4af95453]) 타입 [java.lang.Class]인 값을 (값: [class oracle.sql.AnyDataFactory]) 사용하여 ThreadLocal 객체를 생성했지만, 웹 애플리케이션이 중지될 때 그것을 제거하지 못했습니다. 혹시 있을 법한 메모리 누수를 방지하기 위하여, 시간을 두고 쓰레드들을 재생성할 것입니다.
14-Feb-2025 15:16:44.448 INFO [Thread-2] org.apache.coyote.AbstractProtocol.stop 프로토콜 핸들러 ["http-nio-888"]을(를) 중지시킵니다.
14-Feb-2025 15:16:44.457 INFO [Thread-2] org.apache.coyote.AbstractProtocol.destroy 프로토콜 핸들러 ["http-nio-888"]을(를) 소멸시킵니다.
