13-Feb-2025 14:53:42.537 INFO [main] org.apache.catalina.startup.VersionLoggerListener.log 서버 버전 이름:    Apache Tomcat/9.0.99
13-Feb-2025 14:53:42.541 INFO [main] org.apache.catalina.startup.VersionLoggerListener.log Server 빌드 시각:  Feb 4 2025 20:08:08 UTC
13-Feb-2025 14:53:42.541 INFO [main] org.apache.catalina.startup.VersionLoggerListener.log Server 버전 번호:  9.0.99.0
13-Feb-2025 14:53:42.541 INFO [main] org.apache.catalina.startup.VersionLoggerListener.log 운영체제 이름:     Windows 10
13-Feb-2025 14:53:42.541 INFO [main] org.apache.catalina.startup.VersionLoggerListener.log 운영체제 버전:     10.0
13-Feb-2025 14:53:42.541 INFO [main] org.apache.catalina.startup.VersionLoggerListener.log 아키텍처:          amd64
13-Feb-2025 14:53:42.542 INFO [main] org.apache.catalina.startup.VersionLoggerListener.log 자바 홈:           C:\mydisk\build\JDK11
13-Feb-2025 14:53:42.542 INFO [main] org.apache.catalina.startup.VersionLoggerListener.log JVM 버전:          11.0.20+9-LTS-256
13-Feb-2025 14:53:42.542 INFO [main] org.apache.catalina.startup.VersionLoggerListener.log JVM 벤더:          Oracle Corporation
13-Feb-2025 14:53:42.542 INFO [main] org.apache.catalina.startup.VersionLoggerListener.log CATALINA_BASE:     C:\mydisk\build\tomcat9
13-Feb-2025 14:53:42.542 INFO [main] org.apache.catalina.startup.VersionLoggerListener.log CATALINA_HOME:     C:\mydisk\build\tomcat9
13-Feb-2025 14:53:42.559 INFO [main] org.apache.catalina.startup.VersionLoggerListener.log 명령 행 아규먼트:  -Dcatalina.home=C:\mydisk\build\tomcat9
13-Feb-2025 14:53:42.559 INFO [main] org.apache.catalina.startup.VersionLoggerListener.log 명령 행 아규먼트:  -Dcatalina.base=C:\mydisk\build\tomcat9
13-Feb-2025 14:53:42.559 INFO [main] org.apache.catalina.startup.VersionLoggerListener.log 명령 행 아규먼트:  -Djava.io.tmpdir=C:\mydisk\build\tomcat9\temp
13-Feb-2025 14:53:42.559 INFO [main] org.apache.catalina.startup.VersionLoggerListener.log 명령 행 아규먼트:  -Djava.util.logging.manager=org.apache.juli.ClassLoaderLogManager
13-Feb-2025 14:53:42.559 INFO [main] org.apache.catalina.startup.VersionLoggerListener.log 명령 행 아규먼트:  -Djava.util.logging.config.file=C:\mydisk\build\tomcat9\conf\logging.properties
13-Feb-2025 14:53:42.560 INFO [main] org.apache.catalina.startup.VersionLoggerListener.log 명령 행 아규먼트:  --add-opens=java.base/java.lang=ALL-UNNAMED
13-Feb-2025 14:53:42.560 INFO [main] org.apache.catalina.startup.VersionLoggerListener.log 명령 행 아규먼트:  --add-opens=java.base/java.io=ALL-UNNAMED
13-Feb-2025 14:53:42.560 INFO [main] org.apache.catalina.startup.VersionLoggerListener.log 명령 행 아규먼트:  --add-opens=java.rmi/sun.rmi.transport=ALL-UNNAMED
13-Feb-2025 14:53:42.560 INFO [main] org.apache.catalina.startup.VersionLoggerListener.log 명령 행 아규먼트:  exit
13-Feb-2025 14:53:42.560 INFO [main] org.apache.catalina.startup.VersionLoggerListener.log 명령 행 아규먼트:  abort
13-Feb-2025 14:53:42.560 INFO [main] org.apache.catalina.startup.VersionLoggerListener.log 명령 행 아규먼트:  -Xms128m
13-Feb-2025 14:53:42.560 INFO [main] org.apache.catalina.startup.VersionLoggerListener.log 명령 행 아규먼트:  -Xmx256m
13-Feb-2025 14:53:42.574 INFO [main] org.apache.catalina.core.AprLifecycleListener.lifecycleEvent 프로덕션 환경들에서 최적의 성능을 제공하는, APR 기반 Apache Tomcat Native 라이브러리가, 다음 java.library.path에서 발견되지 않습니다: [C:\mydisk\build\tomcat9\bin;C:\Windows\Sun\Java\bin;C:\Windows\system32;C:\Windows;C:\mydisk\build\JDK11\bin;C:\mydisk\build\JDK11\bin;C:\Program Files\Common Files\Oracle\Java\javapath;C:\Windows\system32;C:\Windows;C:\Windows\System32\Wbem;C:\Windows\System32\WindowsPowerShell\v1.0\;C:\Windows\System32\OpenSSH\;C:\Program Files\Git\cmd;C:\mydisk\build\Microsoft VS Code;C:\Windows\ServiceProfiles\LocalService\AppData\Local\Microsoft\WindowsApps;.]
13-Feb-2025 14:53:42.861 INFO [main] org.apache.coyote.AbstractProtocol.init 프로토콜 핸들러 ["http-nio-888"]을(를) 초기화합니다.
13-Feb-2025 14:53:42.887 INFO [main] org.apache.catalina.startup.Catalina.load [566] 밀리초 내에 서버가 초기화되었습니다.
13-Feb-2025 14:53:42.966 INFO [main] org.apache.catalina.core.StandardService.startInternal 서비스 [Catalina]을(를) 시작합니다.
13-Feb-2025 14:53:42.967 INFO [main] org.apache.catalina.core.StandardEngine.startInternal 서버 엔진을 시작합니다: [Apache Tomcat/9.0.99]
13-Feb-2025 14:53:42.981 INFO [main] org.apache.catalina.startup.HostConfig.deployDirectory 웹 애플리케이션 디렉토리 [C:\mydisk\build\tomcat9\webapps\docs]을(를) 배치합니다.
13-Feb-2025 14:53:43.049 WARNING [main] org.apache.catalina.webresources.DirResourceSet.initInternal Disabled the global canonical file name cache to protect against CVE-2024-56337 when starting the WebResourceSet at [C:\mydisk\build\tomcat9\webapps\docs] which is part of the web application [/docs]
13-Feb-2025 14:53:43.449 WARNING [main] org.apache.catalina.util.SessionIdGeneratorBase.createSecureRandom [SHA1PRNG] 알고리즘을 사용하여, 세션 ID를 생성하기 위한 SecureRandom 객체를 생성하는데, [121] 밀리초가 소요됐습니다.
13-Feb-2025 14:53:43.475 INFO [main] org.apache.catalina.startup.HostConfig.deployDirectory 웹 애플리케이션 디렉토리 [C:\mydisk\build\tomcat9\webapps\docs]에 대한 배치가 [495] 밀리초에 완료되었습니다.
13-Feb-2025 14:53:43.475 INFO [main] org.apache.catalina.startup.HostConfig.deployDirectory 웹 애플리케이션 디렉토리 [C:\mydisk\build\tomcat9\webapps\manager]을(를) 배치합니다.
13-Feb-2025 14:53:43.550 INFO [main] org.apache.catalina.startup.HostConfig.deployDirectory 웹 애플리케이션 디렉토리 [C:\mydisk\build\tomcat9\webapps\manager]에 대한 배치가 [74] 밀리초에 완료되었습니다.
13-Feb-2025 14:53:43.550 INFO [main] org.apache.catalina.startup.HostConfig.deployDirectory 웹 애플리케이션 디렉토리 [C:\mydisk\build\tomcat9\webapps\ROOT]을(를) 배치합니다.
13-Feb-2025 14:53:43.593 INFO [main] org.apache.catalina.startup.HostConfig.deployDirectory 웹 애플리케이션 디렉토리 [C:\mydisk\build\tomcat9\webapps\ROOT]에 대한 배치가 [43] 밀리초에 완료되었습니다.
13-Feb-2025 14:53:43.599 INFO [main] org.apache.coyote.AbstractProtocol.start 프로토콜 핸들러 ["http-nio-888"]을(를) 시작합니다.
13-Feb-2025 14:53:43.733 INFO [main] org.apache.catalina.startup.Catalina.start 서버가 [844] 밀리초 내에 시작되었습니다.
13-Feb-2025 15:09:49.163 INFO [Thread-2] org.apache.coyote.AbstractProtocol.pause 프로토콜 핸들러 ["http-nio-888"]을(를) 일시 정지 중
13-Feb-2025 15:09:49.422 INFO [Thread-2] org.apache.catalina.core.StandardService.stopInternal 서비스 [Catalina]을(를) 중지시킵니다.
13-Feb-2025 15:09:49.445 INFO [Thread-2] org.apache.coyote.AbstractProtocol.stop 프로토콜 핸들러 ["http-nio-888"]을(를) 중지시킵니다.
13-Feb-2025 15:09:49.452 INFO [Thread-2] org.apache.coyote.AbstractProtocol.destroy 프로토콜 핸들러 ["http-nio-888"]을(를) 소멸시킵니다.
13-Feb-2025 15:11:07.820 INFO [main] org.apache.catalina.startup.VersionLoggerListener.log 서버 버전 이름:    Apache Tomcat/9.0.99
13-Feb-2025 15:11:07.823 INFO [main] org.apache.catalina.startup.VersionLoggerListener.log Server 빌드 시각:  Feb 4 2025 20:08:08 UTC
13-Feb-2025 15:11:07.823 INFO [main] org.apache.catalina.startup.VersionLoggerListener.log Server 버전 번호:  9.0.99.0
13-Feb-2025 15:11:07.823 INFO [main] org.apache.catalina.startup.VersionLoggerListener.log 운영체제 이름:     Windows 10
13-Feb-2025 15:11:07.824 INFO [main] org.apache.catalina.startup.VersionLoggerListener.log 운영체제 버전:     10.0
13-Feb-2025 15:11:07.824 INFO [main] org.apache.catalina.startup.VersionLoggerListener.log 아키텍처:          amd64
13-Feb-2025 15:11:07.824 INFO [main] org.apache.catalina.startup.VersionLoggerListener.log 자바 홈:           C:\mydisk\build\JDK11
13-Feb-2025 15:11:07.824 INFO [main] org.apache.catalina.startup.VersionLoggerListener.log JVM 버전:          11.0.20+9-LTS-256
13-Feb-2025 15:11:07.824 INFO [main] org.apache.catalina.startup.VersionLoggerListener.log JVM 벤더:          Oracle Corporation
13-Feb-2025 15:11:07.824 INFO [main] org.apache.catalina.startup.VersionLoggerListener.log CATALINA_BASE:     C:\mydisk\build\tomcat9
13-Feb-2025 15:11:07.824 INFO [main] org.apache.catalina.startup.VersionLoggerListener.log CATALINA_HOME:     C:\mydisk\build\tomcat9
13-Feb-2025 15:11:07.835 INFO [main] org.apache.catalina.startup.VersionLoggerListener.log 명령 행 아규먼트:  -Dcatalina.home=C:\mydisk\build\tomcat9
13-Feb-2025 15:11:07.835 INFO [main] org.apache.catalina.startup.VersionLoggerListener.log 명령 행 아규먼트:  -Dcatalina.base=C:\mydisk\build\tomcat9
13-Feb-2025 15:11:07.835 INFO [main] org.apache.catalina.startup.VersionLoggerListener.log 명령 행 아규먼트:  -Djava.io.tmpdir=C:\mydisk\build\tomcat9\temp
13-Feb-2025 15:11:07.835 INFO [main] org.apache.catalina.startup.VersionLoggerListener.log 명령 행 아규먼트:  -Djava.util.logging.manager=org.apache.juli.ClassLoaderLogManager
13-Feb-2025 15:11:07.836 INFO [main] org.apache.catalina.startup.VersionLoggerListener.log 명령 행 아규먼트:  -Djava.util.logging.config.file=C:\mydisk\build\tomcat9\conf\logging.properties
13-Feb-2025 15:11:07.836 INFO [main] org.apache.catalina.startup.VersionLoggerListener.log 명령 행 아규먼트:  --add-opens=java.base/java.lang=ALL-UNNAMED
13-Feb-2025 15:11:07.836 INFO [main] org.apache.catalina.startup.VersionLoggerListener.log 명령 행 아규먼트:  --add-opens=java.base/java.io=ALL-UNNAMED
13-Feb-2025 15:11:07.836 INFO [main] org.apache.catalina.startup.VersionLoggerListener.log 명령 행 아규먼트:  --add-opens=java.rmi/sun.rmi.transport=ALL-UNNAMED
13-Feb-2025 15:11:07.836 INFO [main] org.apache.catalina.startup.VersionLoggerListener.log 명령 행 아규먼트:  exit
13-Feb-2025 15:11:07.836 INFO [main] org.apache.catalina.startup.VersionLoggerListener.log 명령 행 아규먼트:  abort
13-Feb-2025 15:11:07.836 INFO [main] org.apache.catalina.startup.VersionLoggerListener.log 명령 행 아규먼트:  -Xms128m
13-Feb-2025 15:11:07.836 INFO [main] org.apache.catalina.startup.VersionLoggerListener.log 명령 행 아규먼트:  -Xmx256m
13-Feb-2025 15:11:07.850 INFO [main] org.apache.catalina.core.AprLifecycleListener.lifecycleEvent 프로덕션 환경들에서 최적의 성능을 제공하는, APR 기반 Apache Tomcat Native 라이브러리가, 다음 java.library.path에서 발견되지 않습니다: [C:\mydisk\build\tomcat9\bin;C:\Windows\Sun\Java\bin;C:\Windows\system32;C:\Windows;C:\mydisk\build\JDK11\bin;C:\mydisk\build\JDK11\bin;C:\Program Files\Common Files\Oracle\Java\javapath;C:\Windows\system32;C:\Windows;C:\Windows\System32\Wbem;C:\Windows\System32\WindowsPowerShell\v1.0\;C:\Windows\System32\OpenSSH\;C:\Program Files\Git\cmd;C:\mydisk\build\Microsoft VS Code;C:\Windows\ServiceProfiles\LocalService\AppData\Local\Microsoft\WindowsApps;.]
13-Feb-2025 15:11:08.135 INFO [main] org.apache.coyote.AbstractProtocol.init 프로토콜 핸들러 ["http-nio-888"]을(를) 초기화합니다.
13-Feb-2025 15:11:08.163 INFO [main] org.apache.catalina.startup.Catalina.load [553] 밀리초 내에 서버가 초기화되었습니다.
13-Feb-2025 15:11:08.235 INFO [main] org.apache.catalina.core.StandardService.startInternal 서비스 [Catalina]을(를) 시작합니다.
13-Feb-2025 15:11:08.235 INFO [main] org.apache.catalina.core.StandardEngine.startInternal 서버 엔진을 시작합니다: [Apache Tomcat/9.0.99]
13-Feb-2025 15:11:08.255 INFO [main] org.apache.catalina.startup.HostConfig.deployWAR 웹 애플리케이션 아카이브 [C:\mydisk\build\tomcat9\webapps\application.war]을(를) 배치합니다.
13-Feb-2025 15:11:19.839 WARNING [main] org.apache.catalina.webresources.DirResourceSet.initInternal Disabled the global canonical file name cache to protect against CVE-2024-56337 when starting the WebResourceSet at [C:\mydisk\build\tomcat9\webapps\application] which is part of the web application [/application]
13-Feb-2025 15:11:22.864 INFO [main] org.apache.jasper.servlet.TldScanner.scanJars 적어도 하나의 JAR가 TLD들을 찾기 위해 스캔되었으나 아무 것도 찾지 못했습니다. 스캔했으나 TLD가 없는 JAR들의 전체 목록을 보시려면, 로그 레벨을 디버그 레벨로 설정하십시오. 스캔 과정에서 불필요한 JAR들을 건너뛰면, 시스템 시작 시간과 JSP 컴파일 시간을 단축시킬 수 있습니다.
13-Feb-2025 15:11:26.392 WARNING [main] org.apache.catalina.util.SessionIdGeneratorBase.createSecureRandom [SHA1PRNG] 알고리즘을 사용하여, 세션 ID를 생성하기 위한 SecureRandom 객체를 생성하는데, [113] 밀리초가 소요됐습니다.
13-Feb-2025 15:11:28.677 INFO [main] org.apache.catalina.startup.HostConfig.deployWAR 웹 애플리케이션 아카이브 [C:\mydisk\build\tomcat9\webapps\application.war]의 배치가 [20,422] 밀리초에 완료되었습니다.
13-Feb-2025 15:11:28.678 INFO [main] org.apache.catalina.startup.HostConfig.deployDirectory 웹 애플리케이션 디렉토리 [C:\mydisk\build\tomcat9\webapps\docs]을(를) 배치합니다.
13-Feb-2025 15:11:28.722 INFO [main] org.apache.catalina.startup.HostConfig.deployDirectory 웹 애플리케이션 디렉토리 [C:\mydisk\build\tomcat9\webapps\docs]에 대한 배치가 [43] 밀리초에 완료되었습니다.
13-Feb-2025 15:11:28.722 INFO [main] org.apache.catalina.startup.HostConfig.deployDirectory 웹 애플리케이션 디렉토리 [C:\mydisk\build\tomcat9\webapps\manager]을(를) 배치합니다.
13-Feb-2025 15:11:28.779 INFO [main] org.apache.catalina.startup.HostConfig.deployDirectory 웹 애플리케이션 디렉토리 [C:\mydisk\build\tomcat9\webapps\manager]에 대한 배치가 [57] 밀리초에 완료되었습니다.
13-Feb-2025 15:11:28.779 INFO [main] org.apache.catalina.startup.HostConfig.deployDirectory 웹 애플리케이션 디렉토리 [C:\mydisk\build\tomcat9\webapps\ROOT]을(를) 배치합니다.
13-Feb-2025 15:11:28.816 INFO [main] org.apache.catalina.startup.HostConfig.deployDirectory 웹 애플리케이션 디렉토리 [C:\mydisk\build\tomcat9\webapps\ROOT]에 대한 배치가 [37] 밀리초에 완료되었습니다.
13-Feb-2025 15:11:28.822 INFO [main] org.apache.coyote.AbstractProtocol.start 프로토콜 핸들러 ["http-nio-888"]을(를) 시작합니다.
13-Feb-2025 15:11:28.838 INFO [main] org.apache.catalina.startup.Catalina.start 서버가 [20674] 밀리초 내에 시작되었습니다.
13-Feb-2025 15:15:03.462 INFO [Thread-2] org.apache.coyote.AbstractProtocol.pause 프로토콜 핸들러 ["http-nio-888"]을(를) 일시 정지 중
13-Feb-2025 15:15:03.617 INFO [Thread-2] org.apache.catalina.core.StandardService.stopInternal 서비스 [Catalina]을(를) 중지시킵니다.
13-Feb-2025 15:15:03.669 WARNING [Thread-2] org.apache.catalina.loader.WebappClassLoaderBase.clearReferencesJdbc 웹 애플리케이션 [application]이(가) JDBC 드라이버 [oracle.jdbc.OracleDriver]을(를) 등록했지만, 웹 애플리케이션이 중지될 때, 해당 JDBC 드라이버의 등록을 제거하지 못했습니다. 메모리 누수를 방지하기 위하여, 등록을 강제로 제거했습니다.
13-Feb-2025 15:15:03.669 WARNING [Thread-2] org.apache.catalina.loader.WebappClassLoaderBase.clearReferencesJdbc 웹 애플리케이션 [application]이(가) JDBC 드라이버 [net.sf.log4jdbc.DriverSpy]을(를) 등록했지만, 웹 애플리케이션이 중지될 때, 해당 JDBC 드라이버의 등록을 제거하지 못했습니다. 메모리 누수를 방지하기 위하여, 등록을 강제로 제거했습니다.
13-Feb-2025 15:15:03.671 SEVERE [Thread-2] org.apache.catalina.loader.WebappClassLoaderBase.checkThreadLocalMapForLeaks 웹 애플리케이션 [application]이(가), 타입 [java.lang.ThreadLocal]인 키와 (값: [java.lang.ThreadLocal@61aeba12]) 타입 [java.lang.Class]인 값을 (값: [class oracle.sql.TypeDescriptorFactory]) 사용하여 ThreadLocal 객체를 생성했지만, 웹 애플리케이션이 중지될 때 그것을 제거하지 못했습니다. 혹시 있을 법한 메모리 누수를 방지하기 위하여, 시간을 두고 쓰레드들을 재생성할 것입니다.
13-Feb-2025 15:15:03.671 SEVERE [Thread-2] org.apache.catalina.loader.WebappClassLoaderBase.checkThreadLocalMapForLeaks 웹 애플리케이션 [application]이(가), 타입 [java.lang.ThreadLocal]인 키와 (값: [java.lang.ThreadLocal@400239df]) 타입 [java.lang.Class]인 값을 (값: [class oracle.sql.AnyDataFactory]) 사용하여 ThreadLocal 객체를 생성했지만, 웹 애플리케이션이 중지될 때 그것을 제거하지 못했습니다. 혹시 있을 법한 메모리 누수를 방지하기 위하여, 시간을 두고 쓰레드들을 재생성할 것입니다.
13-Feb-2025 15:15:03.689 INFO [Thread-2] org.apache.coyote.AbstractProtocol.stop 프로토콜 핸들러 ["http-nio-888"]을(를) 중지시킵니다.
13-Feb-2025 15:15:03.696 INFO [Thread-2] org.apache.coyote.AbstractProtocol.destroy 프로토콜 핸들러 ["http-nio-888"]을(를) 소멸시킵니다.
13-Feb-2025 15:18:41.836 INFO [main] org.apache.catalina.startup.VersionLoggerListener.log 서버 버전 이름:    Apache Tomcat/9.0.99
13-Feb-2025 15:18:41.839 INFO [main] org.apache.catalina.startup.VersionLoggerListener.log Server 빌드 시각:  Feb 4 2025 20:08:08 UTC
13-Feb-2025 15:18:41.839 INFO [main] org.apache.catalina.startup.VersionLoggerListener.log Server 버전 번호:  9.0.99.0
13-Feb-2025 15:18:41.840 INFO [main] org.apache.catalina.startup.VersionLoggerListener.log 운영체제 이름:     Windows 10
13-Feb-2025 15:18:41.840 INFO [main] org.apache.catalina.startup.VersionLoggerListener.log 운영체제 버전:     10.0
13-Feb-2025 15:18:41.840 INFO [main] org.apache.catalina.startup.VersionLoggerListener.log 아키텍처:          amd64
13-Feb-2025 15:18:41.840 INFO [main] org.apache.catalina.startup.VersionLoggerListener.log 자바 홈:           C:\mydisk\build\JDK11
13-Feb-2025 15:18:41.840 INFO [main] org.apache.catalina.startup.VersionLoggerListener.log JVM 버전:          11.0.20+9-LTS-256
13-Feb-2025 15:18:41.840 INFO [main] org.apache.catalina.startup.VersionLoggerListener.log JVM 벤더:          Oracle Corporation
13-Feb-2025 15:18:41.840 INFO [main] org.apache.catalina.startup.VersionLoggerListener.log CATALINA_BASE:     C:\mydisk\build\tomcat9
13-Feb-2025 15:18:41.840 INFO [main] org.apache.catalina.startup.VersionLoggerListener.log CATALINA_HOME:     C:\mydisk\build\tomcat9
13-Feb-2025 15:18:41.851 INFO [main] org.apache.catalina.startup.VersionLoggerListener.log 명령 행 아규먼트:  -Dcatalina.home=C:\mydisk\build\tomcat9
13-Feb-2025 15:18:41.852 INFO [main] org.apache.catalina.startup.VersionLoggerListener.log 명령 행 아규먼트:  -Dcatalina.base=C:\mydisk\build\tomcat9
13-Feb-2025 15:18:41.852 INFO [main] org.apache.catalina.startup.VersionLoggerListener.log 명령 행 아규먼트:  -Djava.io.tmpdir=C:\mydisk\build\tomcat9\temp
13-Feb-2025 15:18:41.852 INFO [main] org.apache.catalina.startup.VersionLoggerListener.log 명령 행 아규먼트:  -Djava.util.logging.manager=org.apache.juli.ClassLoaderLogManager
13-Feb-2025 15:18:41.852 INFO [main] org.apache.catalina.startup.VersionLoggerListener.log 명령 행 아규먼트:  -Djava.util.logging.config.file=C:\mydisk\build\tomcat9\conf\logging.properties
13-Feb-2025 15:18:41.852 INFO [main] org.apache.catalina.startup.VersionLoggerListener.log 명령 행 아규먼트:  --add-opens=java.base/java.lang=ALL-UNNAMED
13-Feb-2025 15:18:41.853 INFO [main] org.apache.catalina.startup.VersionLoggerListener.log 명령 행 아규먼트:  --add-opens=java.base/java.io=ALL-UNNAMED
13-Feb-2025 15:18:41.853 INFO [main] org.apache.catalina.startup.VersionLoggerListener.log 명령 행 아규먼트:  --add-opens=java.rmi/sun.rmi.transport=ALL-UNNAMED
13-Feb-2025 15:18:41.853 INFO [main] org.apache.catalina.startup.VersionLoggerListener.log 명령 행 아규먼트:  exit
13-Feb-2025 15:18:41.853 INFO [main] org.apache.catalina.startup.VersionLoggerListener.log 명령 행 아규먼트:  abort
13-Feb-2025 15:18:41.853 INFO [main] org.apache.catalina.startup.VersionLoggerListener.log 명령 행 아규먼트:  -Xms128m
13-Feb-2025 15:18:41.853 INFO [main] org.apache.catalina.startup.VersionLoggerListener.log 명령 행 아규먼트:  -Xmx256m
13-Feb-2025 15:18:41.866 INFO [main] org.apache.catalina.core.AprLifecycleListener.lifecycleEvent 프로덕션 환경들에서 최적의 성능을 제공하는, APR 기반 Apache Tomcat Native 라이브러리가, 다음 java.library.path에서 발견되지 않습니다: [C:\mydisk\build\tomcat9\bin;C:\Windows\Sun\Java\bin;C:\Windows\system32;C:\Windows;C:\mydisk\build\JDK11\bin;C:\mydisk\build\JDK11\bin;C:\Program Files\Common Files\Oracle\Java\javapath;C:\Windows\system32;C:\Windows;C:\Windows\System32\Wbem;C:\Windows\System32\WindowsPowerShell\v1.0\;C:\Windows\System32\OpenSSH\;C:\Program Files\Git\cmd;C:\mydisk\build\Microsoft VS Code;C:\Windows\ServiceProfiles\LocalService\AppData\Local\Microsoft\WindowsApps;.]
13-Feb-2025 15:18:42.151 INFO [main] org.apache.coyote.AbstractProtocol.init 프로토콜 핸들러 ["http-nio-888"]을(를) 초기화합니다.
13-Feb-2025 15:18:42.176 INFO [main] org.apache.catalina.startup.Catalina.load [556] 밀리초 내에 서버가 초기화되었습니다.
13-Feb-2025 15:18:42.255 INFO [main] org.apache.catalina.core.StandardService.startInternal 서비스 [Catalina]을(를) 시작합니다.
13-Feb-2025 15:18:42.255 INFO [main] org.apache.catalina.core.StandardEngine.startInternal 서버 엔진을 시작합니다: [Apache Tomcat/9.0.99]
13-Feb-2025 15:18:42.276 INFO [main] org.apache.catalina.startup.HostConfig.deployWAR 웹 애플리케이션 아카이브 [C:\mydisk\build\tomcat9\webapps\application.war]을(를) 배치합니다.
13-Feb-2025 15:18:53.529 WARNING [main] org.apache.catalina.webresources.DirResourceSet.initInternal Disabled the global canonical file name cache to protect against CVE-2024-56337 when starting the WebResourceSet at [C:\mydisk\build\tomcat9\webapps\application] which is part of the web application [/application]
13-Feb-2025 15:18:56.445 INFO [main] org.apache.jasper.servlet.TldScanner.scanJars 적어도 하나의 JAR가 TLD들을 찾기 위해 스캔되었으나 아무 것도 찾지 못했습니다. 스캔했으나 TLD가 없는 JAR들의 전체 목록을 보시려면, 로그 레벨을 디버그 레벨로 설정하십시오. 스캔 과정에서 불필요한 JAR들을 건너뛰면, 시스템 시작 시간과 JSP 컴파일 시간을 단축시킬 수 있습니다.
13-Feb-2025 15:18:59.759 WARNING [main] org.apache.catalina.util.SessionIdGeneratorBase.createSecureRandom [SHA1PRNG] 알고리즘을 사용하여, 세션 ID를 생성하기 위한 SecureRandom 객체를 생성하는데, [113] 밀리초가 소요됐습니다.
13-Feb-2025 15:19:01.968 INFO [main] org.apache.catalina.startup.HostConfig.deployWAR 웹 애플리케이션 아카이브 [C:\mydisk\build\tomcat9\webapps\application.war]의 배치가 [19,693] 밀리초에 완료되었습니다.
13-Feb-2025 15:19:01.969 INFO [main] org.apache.catalina.startup.HostConfig.deployDirectory 웹 애플리케이션 디렉토리 [C:\mydisk\build\tomcat9\webapps\docs]을(를) 배치합니다.
13-Feb-2025 15:19:02.022 INFO [main] org.apache.catalina.startup.HostConfig.deployDirectory 웹 애플리케이션 디렉토리 [C:\mydisk\build\tomcat9\webapps\docs]에 대한 배치가 [53] 밀리초에 완료되었습니다.
13-Feb-2025 15:19:02.023 INFO [main] org.apache.catalina.startup.HostConfig.deployDirectory 웹 애플리케이션 디렉토리 [C:\mydisk\build\tomcat9\webapps\manager]을(를) 배치합니다.
13-Feb-2025 15:19:02.087 INFO [main] org.apache.catalina.startup.HostConfig.deployDirectory 웹 애플리케이션 디렉토리 [C:\mydisk\build\tomcat9\webapps\manager]에 대한 배치가 [64] 밀리초에 완료되었습니다.
13-Feb-2025 15:19:02.087 INFO [main] org.apache.catalina.startup.HostConfig.deployDirectory 웹 애플리케이션 디렉토리 [C:\mydisk\build\tomcat9\webapps\ROOT]을(를) 배치합니다.
13-Feb-2025 15:19:02.124 INFO [main] org.apache.catalina.startup.HostConfig.deployDirectory 웹 애플리케이션 디렉토리 [C:\mydisk\build\tomcat9\webapps\ROOT]에 대한 배치가 [37] 밀리초에 완료되었습니다.
13-Feb-2025 15:19:02.130 INFO [main] org.apache.coyote.AbstractProtocol.start 프로토콜 핸들러 ["http-nio-888"]을(를) 시작합니다.
13-Feb-2025 15:19:02.146 INFO [main] org.apache.catalina.startup.Catalina.start 서버가 [19969] 밀리초 내에 시작되었습니다.
14-Feb-2025 09:22:40.814 INFO [Catalina-utility-2] org.apache.catalina.startup.HostConfig.undeploy 컨텍스트 [/application]의 배치를 제거합니다.
14-Feb-2025 09:22:41.533 WARNING [Catalina-utility-2] org.apache.catalina.loader.WebappClassLoaderBase.clearReferencesJdbc 웹 애플리케이션 [application]이(가) JDBC 드라이버 [oracle.jdbc.OracleDriver]을(를) 등록했지만, 웹 애플리케이션이 중지될 때, 해당 JDBC 드라이버의 등록을 제거하지 못했습니다. 메모리 누수를 방지하기 위하여, 등록을 강제로 제거했습니다.
14-Feb-2025 09:22:41.533 WARNING [Catalina-utility-2] org.apache.catalina.loader.WebappClassLoaderBase.clearReferencesJdbc 웹 애플리케이션 [application]이(가) JDBC 드라이버 [net.sf.log4jdbc.DriverSpy]을(를) 등록했지만, 웹 애플리케이션이 중지될 때, 해당 JDBC 드라이버의 등록을 제거하지 못했습니다. 메모리 누수를 방지하기 위하여, 등록을 강제로 제거했습니다.
14-Feb-2025 09:22:41.538 SEVERE [Catalina-utility-2] org.apache.catalina.loader.WebappClassLoaderBase.checkThreadLocalMapForLeaks 웹 애플리케이션 [application]이(가), 타입 [java.lang.ThreadLocal]인 키와 (값: [java.lang.ThreadLocal@423f866d]) 타입 [java.lang.Class]인 값을 (값: [class oracle.sql.AnyDataFactory]) 사용하여 ThreadLocal 객체를 생성했지만, 웹 애플리케이션이 중지될 때 그것을 제거하지 못했습니다. 혹시 있을 법한 메모리 누수를 방지하기 위하여, 시간을 두고 쓰레드들을 재생성할 것입니다.
14-Feb-2025 09:22:41.538 SEVERE [Catalina-utility-2] org.apache.catalina.loader.WebappClassLoaderBase.checkThreadLocalMapForLeaks 웹 애플리케이션 [application]이(가), 타입 [java.lang.ThreadLocal]인 키와 (값: [java.lang.ThreadLocal@5c10f50a]) 타입 [java.lang.Class]인 값을 (값: [class oracle.sql.TypeDescriptorFactory]) 사용하여 ThreadLocal 객체를 생성했지만, 웹 애플리케이션이 중지될 때 그것을 제거하지 못했습니다. 혹시 있을 법한 메모리 누수를 방지하기 위하여, 시간을 두고 쓰레드들을 재생성할 것입니다.
14-Feb-2025 09:22:46.229 SEVERE [Catalina-utility-2] org.apache.catalina.startup.ExpandWar.deleteDir [C:\mydisk\build\tomcat9\webapps\application\resources]이(가) 완전히 삭제될 수 없었습니다. 남아있는 파일들의 존재는 문제들을 일으킬 수 있습니다.
14-Feb-2025 09:22:46.455 SEVERE [Catalina-utility-2] org.apache.catalina.startup.ExpandWar.deleteDir [C:\mydisk\build\tomcat9\webapps\application]이(가) 완전히 삭제될 수 없었습니다. 남아있는 파일들의 존재는 문제들을 일으킬 수 있습니다.
14-Feb-2025 09:22:46.455 SEVERE [Catalina-utility-2] org.apache.catalina.startup.ExpandWar.delete [C:\mydisk\build\tomcat9\webapps\application]이(가) 완전히 삭제될 수 없었습니다. 남아있는 파일들의 존재는 문제들을 일으킬 수 있습니다.
14-Feb-2025 09:22:46.462 INFO [Catalina-utility-2] org.apache.catalina.startup.HostConfig.deployWAR 웹 애플리케이션 아카이브 [C:\mydisk\build\tomcat9\webapps\application.war]을(를) 배치합니다.
14-Feb-2025 09:22:46.550 INFO [Catalina-utility-2] org.apache.catalina.startup.HostConfig.deployWAR 웹 애플리케이션 아카이브 [C:\mydisk\build\tomcat9\webapps\application.war]의 배치가 [86] 밀리초에 완료되었습니다.
14-Feb-2025 09:27:27.972 INFO [Thread-2] org.apache.coyote.AbstractProtocol.pause 프로토콜 핸들러 ["http-nio-888"]을(를) 일시 정지 중
14-Feb-2025 09:27:28.152 INFO [Thread-2] org.apache.catalina.core.StandardService.stopInternal 서비스 [Catalina]을(를) 중지시킵니다.
14-Feb-2025 09:27:28.176 INFO [Thread-2] org.apache.coyote.AbstractProtocol.stop 프로토콜 핸들러 ["http-nio-888"]을(를) 중지시킵니다.
14-Feb-2025 09:27:28.211 INFO [Thread-2] org.apache.coyote.AbstractProtocol.destroy 프로토콜 핸들러 ["http-nio-888"]을(를) 소멸시킵니다.
